core/build/intermediates/manifest_merge_blame_file/release/manifest-merger-blame-release-report.txt
1<?xml version="1.0" encoding="utf-8"?>
2<manifest xmlns:android="http://schemas.android.com/apk/res/android"
3    package="com.liuwei.android.upnpcast" >
4
5    <uses-sdk
6        android:minSdkVersion="15"
6-->src\main\AndroidManifest.xml
7        android:targetSdkVersion="27" />
7-->src\main\AndroidManifest.xml
8
9    <uses-permission android:name="android.permission.INTERNET" />
9-->src\main\AndroidManifest.xml:4:5-67
9-->src\main\AndroidManifest.xml:4:22-64
10    <uses-permission android:name="android.permission.ACCESS_WIFI_STATE" />
10-->src\main\AndroidManifest.xml:5:5-76
10-->src\main\AndroidManifest.xml:5:22-73
11    <uses-permission android:name="android.permission.CHANGE_WIFI_MULTICAST_STATE" />
11-->src\main\AndroidManifest.xml:6:5-86
11-->src\main\AndroidManifest.xml:6:22-83
12    <uses-permission android:name="android.permission.ACCESS_NETWORK_STATE" />
12-->src\main\AndroidManifest.xml:7:5-79
12-->src\main\AndroidManifest.xml:7:22-76
13    <uses-permission android:name="android.permission.WAKE_LOCK" />
13-->src\main\AndroidManifest.xml:8:5-68
13-->src\main\AndroidManifest.xml:8:22-65
14
15    <application>
15-->src\main\AndroidManifest.xml:10:5-14:19
16        <service android:name="com.liuwei.android.upnpcast.service.NLUpnpCastService" />
16-->src\main\AndroidManifest.xml:12:9-89
16-->src\main\AndroidManifest.xml:12:18-86
17    </application>
18
19</manifest>